Build started 3/23/2016 5:16:49 PM.
     1>Project "c:\Users\PC\documents\visual studio 2013\Projects\Midterm 1\Midterm 1\Midterm 1.vcxproj" on node 2 (Rebuild target(s)).
     1>ClCompile:
         C:\Program Files (x86)\Microsoft Visual Studio 12.0\VC\bin\CL.exe /c /ZI /nologo /W3 /WX- /Od /Oy- /D CODE_ANALYSIS /D WIN32 /D _DEBUG /D _CONSOLE /D _LIB /D _UNICODE /D UNICODE /Gm /EHsc /RTC1 /MDd /GS /fp:precise /Zc:wchar_t /Zc:forScope /Fo"Debug\\" /Fd"Debug\vc120.pdb" /Gd /TP /analyze /errorReport:prompt   /analyze:quiet "Midterm 1.cpp" stdafx.cpp
         stdafx.cpp
         Midterm 1.cpp
     1>c:\users\pc\documents\visual studio 2013\projects\midterm 1\midterm 1\midterm 1.cpp(11): error C2536: 'products::products::sales' : cannot specify explicit initializer for arrays
                 c:\users\pc\documents\visual studio 2013\projects\midterm 1\midterm 1\midterm 1.cpp(11) : see declaration of 'products::sales'
         Running Code Analysis for C/C++...
         Generating Code...
     1>Done Building Project "c:\Users\PC\documents\visual studio 2013\Projects\Midterm 1\Midterm 1\Midterm 1.vcxproj" (Rebuild target(s)) -- FAILED.

Build FAILED.

Time Elapsed 00:00:01.65
